This is pdfTeX, Version 3.141592653-2.6-1.40.24 (MiKTeX 22.3) (preloaded format=pdflatex 2022.6.8)  22 JUN 2022 12:35
entering extended mode
 restricted \write18 enabled.
 %&-line parsing enabled.
**./interim_report.tex
(interim_report.tex
LaTeX2e <2021-11-15> patch level 1
L3 programming layer <2022-02-24> (D:\Latex\MiKTeX\tex/latex/base\article.cls
Document Class: article 2021/10/04 v1.4n Standard LaTeX document class
(D:\Latex\MiKTeX\tex/latex/base\size11.clo
File: size11.clo 2021/10/04 v1.4n Standard LaTeX file (size option)
)
\c@part=\count185
\c@section=\count186
\c@subsection=\count187
\c@subsubsection=\count188
\c@paragraph=\count189
\c@subparagraph=\count190
\c@figure=\count191
\c@table=\count192
\abovecaptionskip=\skip47
\belowcaptionskip=\skip48
\bibindent=\dimen138
)
(D:\Latex\MiKTeX\tex/latex/amsmath\amsmath.sty
Package: amsmath 2021/10/15 v2.17l AMS math features
\@mathmargin=\skip49

For additional information on amsmath, use the `?' option.
(D:\Latex\MiKTeX\tex/latex/amsmath\amstext.sty
Package: amstext 2021/08/26 v2.01 AMS text

(D:\Latex\MiKTeX\tex/latex/amsmath\amsgen.sty
File: amsgen.sty 1999/11/30 v2.0 generic functions
\@emptytoks=\toks16
\ex@=\dimen139
))
(D:\Latex\MiKTeX\tex/latex/amsmath\amsbsy.sty
Package: amsbsy 1999/11/29 v1.2d Bold Symbols
\pmbraise@=\dimen140
)
(D:\Latex\MiKTeX\tex/latex/amsmath\amsopn.sty
Package: amsopn 2021/08/26 v2.02 operator names
)
\inf@bad=\count193
LaTeX Info: Redefining \frac on input line 234.
\uproot@=\count194
\leftroot@=\count195
LaTeX Info: Redefining \overline on input line 399.
\classnum@=\count196
\DOTSCASE@=\count197
LaTeX Info: Redefining \ldots on input line 496.
LaTeX Info: Redefining \dots on input line 499.
LaTeX Info: Redefining \cdots on input line 620.
\Mathstrutbox@=\box50
\strutbox@=\box51
\big@size=\dimen141
LaTeX Font Info:    Redeclaring font encoding OML on input line 743.
LaTeX Font Info:    Redeclaring font encoding OMS on input line 744.
\macc@depth=\count198
\c@MaxMatrixCols=\count199
\dotsspace@=\muskip16
\c@parentequation=\count266
\dspbrk@lvl=\count267
\tag@help=\toks17
\row@=\count268
\column@=\count269
\maxfields@=\count270
\andhelp@=\toks18
\eqnshift@=\dimen142
\alignsep@=\dimen143
\tagshift@=\dimen144
\tagwidth@=\dimen145
\totwidth@=\dimen146
\lineht@=\dimen147
\@envbody=\toks19
\multlinegap=\skip50
\multlinetaggap=\skip51
\mathdisplay@stack=\toks20
LaTeX Info: Redefining \[ on input line 2938.
LaTeX Info: Redefining \] on input line 2939.
)
(D:\Latex\MiKTeX\tex/latex/amsfonts\amssymb.sty
Package: amssymb 2013/01/14 v3.01 AMS font symbols

(D:\Latex\MiKTeX\tex/latex/amsfonts\amsfonts.sty
Package: amsfonts 2013/01/14 v3.01 Basic AMSFonts support
\symAMSa=\mathgroup4
\symAMSb=\mathgroup5
LaTeX Font Info:    Redeclaring math symbol \hbar on input line 98.
LaTeX Font Info:    Overwriting math alphabet `\mathfrak' in version `bold'
(Font)                  U/euf/m/n --> U/euf/b/n on input line 106.
))
(D:\Latex\MiKTeX\tex/latex/tools\bm.sty
Package: bm 2021/04/25 v1.2e Bold Symbol Support (DPC/FMi)
\symboldoperators=\mathgroup6
\symboldletters=\mathgroup7
\symboldsymbols=\mathgroup8
Package bm Info: No bold for \OMX/cmex/m/n, using \pmb.
Package bm Info: No bold for \U/msa/m/n, using \pmb.
Package bm Info: No bold for \U/msb/m/n, using \pmb.
LaTeX Font Info:    Redeclaring math alphabet \mathbf on input line 149.
)
(D:\Latex\MiKTeX\tex/latex/jknappen\mathrsfs.sty
Package: mathrsfs 1996/01/01 Math RSFS package v1.0 (jk)
\symrsfs=\mathgroup9
)
(D:\Latex\MiKTeX\tex/latex/natbib\natbib.sty
Package: natbib 2010/09/13 8.31b (PWD, AO)
\bibhang=\skip52
\bibsep=\skip53
LaTeX Info: Redefining \cite on input line 694.
\c@NAT@ctr=\count271
)
(D:\Latex\MiKTeX\tex/latex/graphics\graphicx.sty
Package: graphicx 2021/09/16 v1.2d Enhanced LaTeX Graphics (DPC,SPQR)

(D:\Latex\MiKTeX\tex/latex/graphics\keyval.sty
Package: keyval 2014/10/28 v1.15 key=value parser (DPC)
\KV@toks@=\toks21
)
(D:\Latex\MiKTeX\tex/latex/graphics\graphics.sty
Package: graphics 2021/03/04 v1.4d Standard LaTeX Graphics (DPC,SPQR)

(D:\Latex\MiKTeX\tex/latex/graphics\trig.sty
Package: trig 2021/08/11 v1.11 sin cos tan (DPC)
)
(D:\Latex\MiKTeX\tex/latex/graphics-cfg\graphics.cfg
File: graphics.cfg 2016/06/04 v1.11 sample graphics configuration
)
Package graphics Info: Driver file: pdftex.def on input line 107.

(D:\Latex\MiKTeX\tex/latex/graphics-def\pdftex.def
File: pdftex.def 2020/10/05 v1.2a Graphics/color driver for pdftex
))
\Gin@req@height=\dimen148
\Gin@req@width=\dimen149
)
(D:\Latex\MiKTeX\tex/latex/tools\array.sty
Package: array 2021/10/04 v2.5f Tabular extension package (FMi)
\col@sep=\dimen150
\ar@mcellbox=\box52
\extrarowheight=\dimen151
\NC@list=\toks22
\extratabsurround=\skip54
\backup@length=\skip55
\ar@cellbox=\box53
)
(D:\Latex\MiKTeX\tex/latex/listings\listings.sty
\lst@mode=\count272
\lst@gtempboxa=\box54
\lst@token=\toks23
\lst@length=\count273
\lst@currlwidth=\dimen152
\lst@column=\count274
\lst@pos=\count275
\lst@lostspace=\dimen153
\lst@width=\dimen154
\lst@newlines=\count276
\lst@lineno=\count277
\lst@maxwidth=\dimen155

(D:\Latex\MiKTeX\tex/latex/listings\lstmisc.sty
File: lstmisc.sty 2020/03/24 1.8d (Carsten Heinz)
\c@lstnumber=\count278
\lst@skipnumbers=\count279
\lst@framebox=\box55
)
(D:\Latex\MiKTeX\tex/latex/listings\listings.cfg
File: listings.cfg 2020/03/24 1.8d listings configuration
))
Package: listings 2020/03/24 1.8d (Carsten Heinz)

(D:\Latex\MiKTeX\tex/latex/tools\indentfirst.sty
Package: indentfirst 1995/11/23 v1.03 Indent first paragraph (DPC)
)
(D:\Latex\MiKTeX\tex/latex/ntheorem\ntheorem.sty
Style `ntheorem', Version 1.33 <2011/08/15>
Package: ntheorem 2011/08/15 1.33
(D:\Latex\MiKTeX\tex/latex/base\ifthen.sty
Package: ifthen 2020/11/24 v1.1c Standard LaTeX ifthen package (DPC)
)
\theorem@style=\toks24
\theorem@@style=\toks25
\theorembodyfont=\toks26
\theoremnumbering=\toks27
\theorempreskipamount=\skip56
\theorempostskipamount=\skip57
\theoremframepreskipamount=\skip58
\theoremframepostskipamount=\skip59
\theoreminframepreskipamount=\skip60
\theoreminframepostskipamount=\skip61
\theorem@preskip=\toks28
\theorem@postskip=\toks29
\theorem@framepreskip=\toks30
\theorem@framepostskip=\toks31
\theorem@inframepreskip=\toks32
\theorem@inframepostskip=\toks33
\theoremindent=\dimen156
\theorem@indent=\dimen157
\theoremrightindent=\dimen158
\theorem@rightindent=\dimen159
\theoremheaderfont=\toks34
\theoremseparator=\toks35
\theoremprework=\toks36
\theorempostwork=\toks37
\theoremsymbol=\toks38
\qedsymbol=\toks39
\theoremkeyword=\toks40
\qedsymbol=\toks41
\thm@topsep=\skip62
\thm@topsepadd=\skip63
Package ntheorem Info: Option `thmmarks' loaded on input line 1175.
\c@endNonectr=\count280
\c@currNonectr=\count281
\mysavskip=\skip64
Package ntheorem Info: Option `thref' loaded on input line 1175.
\mysavskip=\skip65
Package ntheorem Info: option `amsmath' handling for `thref' loaded on input li
ne 1175.
Package ntheorem Info: option `amsmath' handling for `thmmarks' loaded on input
 line 1175.
\thm@amstmpdepth=\dimen160
\tagwidth=\dimen161
)
(D:\Latex\MiKTeX\tex/latex/stmaryrd\stmaryrd.sty
Package: stmaryrd 1994/03/03 St Mary's Road symbol package
\symstmry=\mathgroup10
LaTeX Font Info:    Overwriting symbol font `stmry' in version `bold'
(Font)                  U/stmry/m/n --> U/stmry/b/n on input line 89.
)
(D:\Latex\MiKTeX\tex/latex/url\url.sty
\Urlmuskip=\muskip17
Package: url 2013/09/16  ver 3.4  Verb mode for urls, etc.
)
(D:\Latex\MiKTeX\tex/latex/graphics\lscape.sty
Package: lscape 2020/05/28 v3.02 Landscape Pages (DPC)
)
(D:\Latex\MiKTeX\tex/latex/tools\tabularx.sty
Package: tabularx 2020/01/15 v2.11c `tabularx' package (DPC)
\TX@col@width=\dimen162
\TX@old@table=\dimen163
\TX@old@col=\dimen164
\TX@target=\dimen165
\TX@delta=\dimen166
\TX@cols=\count282
\TX@ftn=\toks42
)
(D:\Latex\MiKTeX\tex/latex/tools\longtable.sty
Package: longtable 2021-09-01 v4.17 Multi-page Table package (DPC)
\LTleft=\skip66
\LTright=\skip67
\LTpre=\skip68
\LTpost=\skip69
\LTchunksize=\count283
\LTcapwidth=\dimen167
\LT@head=\box56
\LT@firsthead=\box57
\LT@foot=\box58
\LT@lastfoot=\box59
\LT@gbox=\box60
\LT@cols=\count284
\LT@rows=\count285
\c@LT@tables=\count286
\c@LT@chunks=\count287
\LT@p@ftn=\toks43
)
(D:\Latex\MiKTeX\tex/latex/fancyhdr\fancyhdr.sty
Package: fancyhdr 2022/05/18 v4.0.3 Extensive control of page headers and foote
rs
\f@nch@headwidth=\skip70
\f@nch@O@elh=\skip71
\f@nch@O@erh=\skip72
\f@nch@O@olh=\skip73
\f@nch@O@orh=\skip74
\f@nch@O@elf=\skip75
\f@nch@O@erf=\skip76
\f@nch@O@olf=\skip77
\f@nch@O@orf=\skip78
)
(D:\Latex\MiKTeX\tex/latex/fancybox\fancybox.sty
Package: fancybox 2010/05/15 1.4

Style option: `fancybox' v1.4 <2010/05/15> (tvz)
\@fancybox=\box61
\shadowsize=\dimen168
\@Sbox=\box62
\do@VerbBox=\toks44
\the@fancyput=\toks45
\this@fancyput=\toks46
\EndVerbatimTokens=\toks47
\Verbatim@Outfile=\write3
\Verbatim@Infile=\read2
) (D:\Latex\MiKTeX\tex/latex/titlesec\titlesec.sty
Package: titlesec 2021/07/05 v2.14 Sectioning titles
\ttl@box=\box63
\beforetitleunit=\skip79
\aftertitleunit=\skip80
\ttl@plus=\dimen169
\ttl@minus=\dimen170
\ttl@toksa=\toks48
\titlewidth=\dimen171
\titlewidthlast=\dimen172
\titlewidthfirst=\dimen173
)
(D:\Latex\MiKTeX\tex/latex/multirow\multirow.sty
Package: multirow 2021/03/15 v2.8 Span multiple rows of a table
\multirow@colwidth=\skip81
\multirow@cntb=\count288
\multirow@dima=\skip82
\bigstrutjot=\dimen174
)
(D:\Latex\MiKTeX\tex/latex/booktabs\booktabs.sty
Package: booktabs 2020/01/12 v1.61803398 Publication quality tables
\heavyrulewidth=\dimen175
\lightrulewidth=\dimen176
\cmidrulewidth=\dimen177
\belowrulesep=\dimen178
\belowbottomsep=\dimen179
\aboverulesep=\dimen180
\abovetopsep=\dimen181
\cmidrulesep=\dimen182
\cmidrulekern=\dimen183
\defaultaddspace=\dimen184
\@cmidla=\count289
\@cmidlb=\count290
\@aboverulesep=\dimen185
\@belowrulesep=\dimen186
\@thisruleclass=\count291
\@lastruleclass=\count292
\@thisrulewidth=\dimen187
)
(D:\Latex\MiKTeX\tex/latex/tools\enumerate.sty
Package: enumerate 2015/07/23 v3.00 enumerate extensions (DPC)
\@enLab=\toks49
)
(D:\Latex\MiKTeX\tex/latex/cases\cases.sty
Package: cases 2020/03/29 ver 3.2
\numc@numwid=\dimen188
)
(D:\Latex\MiKTeX\tex/latex/pstricks-add\pstricks-add.sty
(D:\Latex\MiKTeX\tex/latex/pstricks\pstricks.sty
Package: pstricks 2021/08/23 v0.71 LaTeX wrapper for `PSTricks' (RN,HV)

(D:\Latex\MiKTeX\tex/generic/iftex\iftex.sty
Package: iftex 2022/02/03 v1.0f TeX engine tests
)
(D:\Latex\MiKTeX\tex/latex/xcolor\xcolor.sty
Package: xcolor 2021/10/31 v2.13 LaTeX color extensions (UK)

(D:\Latex\MiKTeX\tex/latex/graphics-cfg\color.cfg
File: color.cfg 2016/01/02 v1.6 sample color configuration
)
Package xcolor Info: Driver file: pdftex.def on input line 227.
Package xcolor Info: Model `cmy' substituted by `cmy0' on input line 1352.
Package xcolor Info: Model `hsb' substituted by `rgb' on input line 1356.
Package xcolor Info: Model `RGB' extended on input line 1368.
Package xcolor Info: Model `HTML' substituted by `rgb' on input line 1370.
Package xcolor Info: Model `Hsb' substituted by `hsb' on input line 1371.
Package xcolor Info: Model `tHsb' substituted by `hsb' on input line 1372.
Package xcolor Info: Model `HSB' substituted by `hsb' on input line 1373.
Package xcolor Info: Model `Gray' substituted by `gray' on input line 1374.
Package xcolor Info: Model `wave' substituted by `hsb' on input line 1375.
)
(D:\Latex\MiKTeX\tex/generic/xkeyval\pst-xkey.tex
File: pst-xkey.tex 2005/11/25 v1.6 PSTricks specialization of xkeyval (HA)

(D:\Latex\MiKTeX\tex/latex/xkeyval\xkeyval.sty
Package: xkeyval 2020/11/20 v2.8 package option processing (HA)

(D:\Latex\MiKTeX\tex/generic/xkeyval\xkeyval.tex
(D:\Latex\MiKTeX\tex/generic/xkeyval\xkvutils.tex
\XKV@toks=\toks50
\XKV@tempa@toks=\toks51
)
\XKV@depth=\count293
File: xkeyval.tex 2014/12/03 v2.7a key=value parser (HA)
)))
(D:\Latex\MiKTeX\tex/generic/pstricks\pstricks.tex
(D:\Latex\MiKTeX\tex/generic/pstricks\pst-fp.tex
`pst-fp' v0.06, 2020/11/20 (hv)
\pstFP@xs=\count294
\pstFP@xia=\count295
\pstFP@xib=\count296
\pstFP@xfa=\count297
\pstFP@xfb=\count298
\pstFP@rega=\count299
\pstFP@regb=\count300
\pstFP@regs=\count301
\pstFP@times=\count302
)
(D:\Latex\MiKTeX\tex/generic/pgf/utilities\pgfutil-common.tex
\pgfutil@everybye=\toks52
\pgfutil@tempdima=\dimen189
\pgfutil@tempdimb=\dimen190

(D:\Latex\MiKTeX\tex/generic/pgf/utilities\pgfutil-common-lists.tex))
(D:\Latex\MiKTeX\tex/generic/pgf/utilities\pgfkeys.code.tex
\pgfkeys@pathtoks=\toks53
\pgfkeys@temptoks=\toks54

(D:\Latex\MiKTeX\tex/generic/pgf/utilities\pgfkeysfiltered.code.tex
\pgfkeys@tmptoks=\toks55
))
(D:\Latex\MiKTeX\tex/generic/pgf/utilities\pgffor.code.tex
Loading pgffor.code.tex
(D:\Latex\MiKTeX\tex/generic/pgf/math\pgfmath.code.tex
(D:\Latex\MiKTeX\tex/generic/pgf/math\pgfmathcalc.code.tex
(D:\Latex\MiKTeX\tex/generic/pgf/math\pgfmathutil.code.tex
\pgf@x=\dimen191
\pgf@xa=\dimen192
\pgf@xb=\dimen193
\pgf@xc=\dimen194
\pgf@y=\dimen195
\pgf@ya=\dimen196
\pgf@yb=\dimen197
\pgf@yc=\dimen198
\c@pgf@counta=\count303
\c@pgf@countb=\count304
\c@pgf@countc=\count305
\c@pgf@countd=\count306
\pgfutil@tempcnta=\count307
\pgfutil@tempcntb=\count308
)
(D:\Latex\MiKTeX\tex/generic/pgf/math\pgfmathparser.code.tex
\pgfmath@dimen=\dimen199
\pgfmath@count=\count309
\pgfmath@box=\box64
\pgfmath@toks=\toks56
\pgfmath@stack@operand=\toks57
\pgfmath@stack@operation=\toks58
)
(D:\Latex\MiKTeX\tex/generic/pgf/math\pgfmathfunctions.code.tex
(D:\Latex\MiKTeX\tex/generic/pgf/math\pgfmathfunctions.basic.code.tex)
(D:\Latex\MiKTeX\tex/generic/pgf/math\pgfmathfunctions.trigonometric.code.tex)
(D:\Latex\MiKTeX\tex/generic/pgf/math\pgfmathfunctions.random.code.tex)
(D:\Latex\MiKTeX\tex/generic/pgf/math\pgfmathfunctions.comparison.code.tex)
(D:\Latex\MiKTeX\tex/generic/pgf/math\pgfmathfunctions.base.code.tex)
(D:\Latex\MiKTeX\tex/generic/pgf/math\pgfmathfunctions.round.code.tex)
(D:\Latex\MiKTeX\tex/generic/pgf/math\pgfmathfunctions.misc.code.tex)
(D:\Latex\MiKTeX\tex/generic/pgf/math\pgfmathfunctions.integerarithmetics.code.
tex))) (D:\Latex\MiKTeX\tex/generic/pgf/math\pgfmathfloat.code.tex
\c@pgfmathroundto@lastzeros=\count310
))
\pgffor@iter=\dimen256
\pgffor@skip=\dimen257
\pgffor@stack=\toks59
\pgffor@toks=\toks60
)
\psLoopIndex=\count311

`PSTricks' v3.13  <2022/01/09> (tvz,hv)
\pst@dima=\dimen258
\pst@dimb=\dimen259
\pst@dimc=\dimen260
\pst@dimd=\dimen261
\pst@dimg=\dimen262
\pst@dimh=\dimen263
\pst@dimm=\dimen264
\pst@dimn=\dimen265
\pst@dimo=\dimen266
\pst@dimp=\dimen267
\pst@hbox=\box65
\pst@ibox=\box66
\pst@boxg=\box67
\pst@cnta=\count312
\pst@cntb=\count313
\pst@cntc=\count314
\pst@cntd=\count315
\pst@cntg=\count316
\pst@cnth=\count317
\pst@cntm=\count318
\pst@cntn=\count319
\pst@cnto=\count320
\pst@cntp=\count321
\@zero=\count322
\pst@toks=\toks61
--- We are running latex or xelatex ---
(D:\Latex\MiKTeX\tex/generic/pstricks\pstricks.con)
(D:\Latex\MiKTeX\tex/generic/pstricks\pstricks-color.tex)
\psunit=\dimen268
\psxunit=\dimen269
\psyunit=\dimen270
\pst@C@@rType=\count323
\pslinewidth=\dimen271
\psk@startLW=\dimen272
\psk@endLW=\dimen273

(D:\Latex\MiKTeX\tex/generic/pstricks\pstricks-arrows.tex
\pshooklength=\dimen274
\pshookwidth=\dimen275
)
\pst@customdefs=\toks62

(D:\Latex\MiKTeX\tex/generic/pstricks\pstricks-dots.tex)
\pslinearc=\dimen276
\pst@symbolStep=\dimen277
\pst@symbolWidth=\dimen278
\pst@symbolLinewidth=\dimen279
\everypsbox=\toks63
\psframesep=\dimen280
\pslabelsep=\dimen281
\sh@wgridXunit=\dimen282
\sh@wgridYunit=\dimen283
\pst@shift=\dimen284
\ps@imagectr=\count324

(D:\Latex\MiKTeX\tex/generic/pstricks\pstricks.con))
File: pstricks.tex 2022/01/09 v3.13 `PSTricks' (tvz,hv)

(D:\Latex\MiKTeX\tex/generic/pstricks\pst-fp.tex
`pst-fp' v0.06, 2020/11/20 (hv))
File: pst-fp.tex 2020/11/20 v0.06 `PST-fp' (hv)
)
(D:\Latex\MiKTeX\tex/latex/pst-plot\pst-plot.sty
Package: pst-plot 2011/06/05 v1.00 LaTeX wrapper for `pst-plot' (HV)

(D:\Latex\MiKTeX\tex/latex/xkeyval\pst-xkey.sty
Package: pst-xkey 2005/11/25 v1.6 package wrapper for pst-xkey.tex (HA)
)
(D:\Latex\MiKTeX\tex/latex/multido\multido.sty
Package: multido 2004/05/17 package wrapper for PSTricks `multido.tex', (HV/RN)


(D:\Latex\MiKTeX\tex/generic/multido\multido.tex  v1.42, 2010/05/14 <tvz>
\multido@count=\count325
\multidocount=\count326
\multido@stuff=\toks64
)
File: multido.tex 2010/05/14 v1.42 `multido' (tvz,hv)
)
Package: pst-plot 2021/09/23 package wrapper for pst-plot.tex (hv)

(D:\Latex\MiKTeX\tex/generic/pst-plot\pst-plot.tex
(D:\Latex\MiKTeX\tex/generic/pst-tools\pst-tools.tex
`PST-tools' v0.12, 2021/09/23 (hv)
\randomi=\count327
\ranval=\count328
)
(D:\Latex\MiKTeX\tex/generic/pstricks-add\pstricks-add.tex
(D:\Latex\MiKTeX\tex/generic/pst-node\pst-node.tex  v1.43, 2022/01/31
\psrow=\count329
\pscol=\count330
\psmatrixcnt=\count331
\psrowsep=\skip83
\pscolsep=\skip84
\pst@args=\count332
\num@pts=\count333
\pst@argcnt=\count334
)
(D:\Latex\MiKTeX\tex/generic/pst-arrow\pst-arrow.tex
`pst-arrow' v0.05, 2021/11/16 (dr,hv))
(D:\Latex\MiKTeX\tex/generic/pst-3d\pst-3d.tex
`PST-3d' v1.11, 2010/02/14 (tvz))
(D:\Latex\MiKTeX\tex/generic/pst-math\pst-math.tex `pst-math' v0.64 , (CJ,hv))
`pstricks-add' v3.91, 2021/09/25 (dr,hv)
\psparallelogramsep=\dimen285
\pst@cntC=\count335
\pst@stepcount=\count336
\chart@ColorIndex=\dimen286
\chart@ColorStep=\dimen287
\pst@chartHeight=\dimen288
\pst@chartStackDepth=\dimen289
\pst@chartStackWidth=\dimen290
\chart@Toggle=\count337
\psVectorCtr=\count338
)  v1.93, 2021/09/23 (tvz,hv)
\pstRadUnit=\dimen291
\pstRadUnitInv=\dimen292
\pst@linecnt=\count339
\RCD@file=\read3
\psxlabelsep=\dimen293
\psylabelsep=\dimen294
\psk@subticksize=\dimen295
\pst@xticksizeA=\dimen296
\pst@xticksizeB=\dimen297
\pst@xticksizeC=\dimen298
\pst@yticksizeA=\dimen299
\pst@yticksizeB=\dimen300
\pst@yticksizeC=\dimen301
\@digitcounter=\count340
\psk@llx=\dimen302
\psk@lly=\dimen303
\psk@urx=\dimen304
\psk@ury=\dimen305
\pst@xunit=\dimen306
\pst@yunit=\dimen307
)
File: pst-plot.tex 2021/09/23 1.93 `pst-plot' (tvz,hv)
)
(D:\Latex\MiKTeX\tex/latex/pst-node\pst-node.sty
Package: pst-node 2012/09/18 v1.01 LaTeX wrapper for `pst-node' (HV)
Package: pst-node 2010/04/22 package wrapper for pst-node.tex

(D:\Latex\MiKTeX\tex/generic/pst-node\pst-node.tex)
File: pst-node.tex 2021/09/23 1.93 `pst-node' (tvz,hv)
)
(D:\Latex\MiKTeX\tex/latex/pst-3d\pst-3d.sty
Package: pst-3d 2009/07/28 package wrapper for pst-3d.tex (hv)

(D:\Latex\MiKTeX\tex/generic/pst-3d\pst-3d.tex)
File: pst-3d.tex 2021/09/23 v1.93 `PST-3d' (hv)
)
(D:\Latex\MiKTeX\tex/latex/pst-math\pst-math.sty
Package: pst-math 2018/12/16 v 0.65 package wrapper for PSTricks pst-math.tex

(D:\Latex\MiKTeX\tex/latex/pst-calculate\pst-calculate.sty
Package: pst-calculate 2019/01/24 v. 0.02(Herbert Voss) Support for caculations
 with floating point numbers.

(D:\Latex\MiKTeX\tex/latex/l3packages/xparse\xparse.sty
(D:\Latex\MiKTeX\tex/latex/l3kernel\expl3.sty
Package: expl3 2022-02-24 L3 programming layer (loader) 

(D:\Latex\MiKTeX\tex/latex/l3backend\l3backend-pdftex.def
File: l3backend-pdftex.def 2022-02-07 L3 backend support: PDF output (pdfTeX)
\l__color_backend_stack_int=\count341
\l__pdf_internal_box=\box68
))
Package: xparse 2022-01-12 L3 Experimental document command parser
)
(D:\Latex\MiKTeX\tex/latex/siunitx\siunitx.sty
Package: siunitx 2022-05-03 v3.1.1 A comprehensive (SI) units package
\l__siunitx_angle_tmp_dim=\dimen308
\l__siunitx_angle_marker_box=\box69
\l__siunitx_angle_unit_box=\box70
\l__siunitx_compound_count_int=\count342

(D:\Latex\MiKTeX\tex/latex/translations\translations.sty
Package: translations 2022/02/05 v1.12 internationalization of LaTeX2e packages
 (CN)

(D:\Latex\MiKTeX\tex/latex/etoolbox\etoolbox.sty
Package: etoolbox 2020/10/05 v2.5k e-TeX tools for LaTeX (JAW)
\etb@tempcnta=\count343
)
(D:\Latex\MiKTeX\tex/generic/pdftexcmds\pdftexcmds.sty
Package: pdftexcmds 2020-06-27 v0.33 Utility functions of pdfTeX for LuaTeX (HO
)

(D:\Latex\MiKTeX\tex/generic/infwarerr\infwarerr.sty
Package: infwarerr 2019/12/03 v1.5 Providing info/warning/error messages (HO)
)
(D:\Latex\MiKTeX\tex/generic/ltxcmds\ltxcmds.sty
Package: ltxcmds 2020-05-10 v1.25 LaTeX kernel commands for general use (HO)
)
Package pdftexcmds Info: \pdf@primitive is available.
Package pdftexcmds Info: \pdf@ifprimitive is available.
Package pdftexcmds Info: \pdfdraftmode found.
))
\l__siunitx_number_exponent_fixed_int=\count344
\l__siunitx_number_min_decimal_int=\count345
\l__siunitx_number_min_integer_int=\count346
\l__siunitx_number_round_precision_int=\count347
\l__siunitx_number_group_first_int=\count348
\l__siunitx_number_group_size_int=\count349
\l__siunitx_number_group_minimum_int=\count350
\l__siunitx_table_tmp_box=\box71
\l__siunitx_table_tmp_dim=\dimen309
\l__siunitx_table_column_width_dim=\dimen310
\l__siunitx_table_integer_box=\box72
\l__siunitx_table_decimal_box=\box73
\l__siunitx_table_before_box=\box74
\l__siunitx_table_after_box=\box75
\l__siunitx_table_before_dim=\dimen311
\l__siunitx_table_carry_dim=\dimen312
\l__siunitx_unit_tmp_int=\count351
\l__siunitx_unit_position_int=\count352
\l__siunitx_unit_total_int=\count353

(D:\Latex\MiKTeX\tex/latex/l3packages/l3keys2e\l3keys2e.sty
Package: l3keys2e 2022-01-12 LaTeX2e option processing using LaTeX3 keys
)))
(D:\Latex\MiKTeX\tex/generic/iftex\ifluatex.sty
Package: ifluatex 2019/10/25 v1.5 ifluatex legacy package. Use iftex instead.
)
(D:\Latex\MiKTeX\tex/latex/xstring\xstring.sty
(D:\Latex\MiKTeX\tex/generic/xstring\xstring.tex
\integerpart=\count354
\decimalpart=\count355
)
Package: xstring 2021/07/21 v1.84 String manipulations (CT)
)
(D:\Latex\MiKTeX\tex/generic/pst-math\pst-math.tex)
File: pst-math.tex 2021/09/23 v1.93 `PST-math' (hv)
\c@Rand@No=\count356
\c@Random@Left=\count357
\c@Random@Right=\count358
\c@Random@No@max=\count359
)
Package: pstricks-add 2021/09/10 v. 0.17 package wrapper for pstricks-add.tex (
hv)

(D:\Latex\MiKTeX\tex/generic/pstricks-add\pstricks-add.tex)
File: pstricks-add.tex 2021/09/23 v1.93 `PSTricks-add' (hv)
)
(D:\Latex\MiKTeX\tex/latex/float\float.sty
Package: float 2001/11/08 v1.3d Float enhancements (AL)
\c@float@type=\count360
\float@exts=\toks65
\float@box=\box76
\@float@everytoks=\toks66
\@floatcapt=\box77
)
(D:\Latex\MiKTeX\tex/latex/subfigure\subfigure.sty
Package: subfigure 2002/07/30 v2.1.4 subfigure package
\subfigtopskip=\skip85
\subfigcapskip=\skip86
\subfigcaptopadj=\dimen313
\subfigbottomskip=\skip87
\subfigcapmargin=\dimen314
\subfiglabelskip=\skip88
\c@subfigure=\count361
\c@lofdepth=\count362
\c@subtable=\count363
\c@lotdepth=\count364

****************************************
* Local config file subfigure.cfg used *
****************************************
(D:\Latex\MiKTeX\tex/latex/subfigure\subfigure.cfg)
\subfig@top=\skip89
\subfig@bottom=\skip90
)
(D:\Latex\MiKTeX\tex/latex/hyperref\hyperref.sty
Package: hyperref 2022-02-21 v7.00n Hypertext links for LaTeX

(D:\Latex\MiKTeX\tex/generic/kvsetkeys\kvsetkeys.sty
Package: kvsetkeys 2019/12/15 v1.18 Key value parser (HO)
)
(D:\Latex\MiKTeX\tex/generic/kvdefinekeys\kvdefinekeys.sty
Package: kvdefinekeys 2019-12-19 v1.6 Define keys (HO)
)
(D:\Latex\MiKTeX\tex/generic/pdfescape\pdfescape.sty
Package: pdfescape 2019/12/09 v1.15 Implements pdfTeX's escape features (HO)
)
(D:\Latex\MiKTeX\tex/latex/hycolor\hycolor.sty
Package: hycolor 2020-01-27 v1.10 Color options for hyperref/bookmark (HO)
)
(D:\Latex\MiKTeX\tex/latex/letltxmacro\letltxmacro.sty
Package: letltxmacro 2019/12/03 v1.6 Let assignment for LaTeX macros (HO)
)
(D:\Latex\MiKTeX\tex/latex/auxhook\auxhook.sty
Package: auxhook 2019-12-17 v1.6 Hooks for auxiliary files (HO)
)
(D:\Latex\MiKTeX\tex/latex/kvoptions\kvoptions.sty
Package: kvoptions 2020-10-07 v3.14 Key value format for package options (HO)
)
\@linkdim=\dimen315
\Hy@linkcounter=\count365
\Hy@pagecounter=\count366

(D:\Latex\MiKTeX\tex/latex/hyperref\pd1enc.def
File: pd1enc.def 2022-02-21 v7.00n Hyperref: PDFDocEncoding definition (HO)
Now handling font encoding PD1 ...
... no UTF-8 mapping file for font encoding PD1
)
(D:\Latex\MiKTeX\tex/generic/intcalc\intcalc.sty
Package: intcalc 2019/12/15 v1.3 Expandable calculations with integers (HO)
)
(D:\Latex\MiKTeX\tex/generic/etexcmds\etexcmds.sty
Package: etexcmds 2019/12/15 v1.7 Avoid name clashes with e-TeX commands (HO)
)
\Hy@SavedSpaceFactor=\count367

(D:\Latex\MiKTeX\tex/latex/hyperref\puenc.def
File: puenc.def 2022-02-21 v7.00n Hyperref: PDF Unicode definition (HO)
Now handling font encoding PU ...
... no UTF-8 mapping file for font encoding PU
)
Package hyperref Info: Hyper figures OFF on input line 4137.
Package hyperref Info: Link nesting OFF on input line 4142.
Package hyperref Info: Hyper index ON on input line 4145.
Package hyperref Info: Plain pages OFF on input line 4152.
Package hyperref Info: Backreferencing OFF on input line 4157.
Package hyperref Info: Implicit mode ON; LaTeX internals redefined.
Package hyperref Info: Bookmarks ON on input line 4390.
\c@Hy@tempcnt=\count368
LaTeX Info: Redefining \url on input line 4749.
\XeTeXLinkMargin=\dimen316

(D:\Latex\MiKTeX\tex/generic/bitset\bitset.sty
Package: bitset 2019/12/09 v1.3 Handle bit-vector datatype (HO)

(D:\Latex\MiKTeX\tex/generic/bigintcalc\bigintcalc.sty
Package: bigintcalc 2019/12/15 v1.5 Expandable calculations on big integers (HO
)
))
\Fld@menulength=\count369
\Field@Width=\dimen317
\Fld@charsize=\dimen318
Package hyperref Info: Hyper figures OFF on input line 6027.
Package hyperref Info: Link nesting OFF on input line 6032.
Package hyperref Info: Hyper index ON on input line 6035.
Package hyperref Info: backreferencing OFF on input line 6042.
Package hyperref Info: Link coloring OFF on input line 6047.
Package hyperref Info: Link coloring with OCG OFF on input line 6052.
Package hyperref Info: PDF/A mode OFF on input line 6057.
LaTeX Info: Redefining \ref on input line 6097.
LaTeX Info: Redefining \pageref on input line 6101.

(D:\Latex\MiKTeX\tex/latex/base\atbegshi-ltx.sty
Package: atbegshi-ltx 2021/01/10 v1.0c Emulation of the original atbegshi
package with kernel methods
)
\Hy@abspage=\count370
\c@Item=\count371
\c@Hfootnote=\count372
)
Package hyperref Info: Driver (autodetected): hpdftex.

(D:\Latex\MiKTeX\tex/latex/hyperref\hpdftex.def
File: hpdftex.def 2022-02-21 v7.00n Hyperref driver for pdfTeX

(D:\Latex\MiKTeX\tex/latex/base\atveryend-ltx.sty
Package: atveryend-ltx 2020/08/19 v1.0a Emulation of the original atveryend pac
kage
with kernel methods
)
\Fld@listcount=\count373
\c@bookmark@seq@number=\count374

(D:\Latex\MiKTeX\tex/latex/rerunfilecheck\rerunfilecheck.sty
Package: rerunfilecheck 2019/12/05 v1.9 Rerun checks for auxiliary files (HO)

(D:\Latex\MiKTeX\tex/generic/uniquecounter\uniquecounter.sty
Package: uniquecounter 2019/12/15 v1.4 Provide unlimited unique counter (HO)
)
Package uniquecounter Info: New unique counter `rerunfilecheck' on input line 2
86.
)
\Hy@SectionHShift=\skip91
)
(D:\Latex\MiKTeX\tex/latex/ulem\ulem.sty
\UL@box=\box78
\UL@hyphenbox=\box79
\UL@skip=\skip92
\UL@hook=\toks67
\UL@height=\dimen319
\UL@pe=\count375
\UL@pixel=\dimen320
\ULC@box=\box80
Package: ulem 2019/11/18
\ULdepth=\dimen321
)
(D:\Latex\MiKTeX\tex/latex/caption\caption.sty
Package: caption 2022/03/01 v3.6b Customizing captions (AR)

(D:\Latex\MiKTeX\tex/latex/caption\caption3.sty
Package: caption3 2022/03/17 v2.3b caption3 kernel (AR)
\caption@tempdima=\dimen322
\captionmargin=\dimen323
\caption@leftmargin=\dimen324
\caption@rightmargin=\dimen325
\caption@width=\dimen326
\caption@indent=\dimen327
\caption@parindent=\dimen328
\caption@hangindent=\dimen329
Package caption Info: Standard document class detected.
)
\c@caption@flags=\count376
\c@continuedfloat=\count377
Package caption Info: float package is loaded.
Package caption Info: hyperref package is loaded.
Package caption Info: listings package is loaded.
Package caption Info: longtable package is loaded.

(D:\Latex\MiKTeX\tex/latex/caption\ltcaption.sty
Package: ltcaption 2021/01/08 v1.4c longtable captions (AR)
)
Package caption Info: subfigure package is loaded.
)
(D:\Latex\MiKTeX\tex/latex/threeparttable\threeparttable.sty
Package: threeparttable 2003/06/13  v 3.0
\@tempboxb=\box81
)
(content/setting.tex) (D:\Latex\MiKTeX\tex/latex/cjk\CJKutf8.sty
Package: CJKutf8 2021/10/16 4.8.5

(D:\Latex\MiKTeX\tex/generic/iftex\ifpdf.sty
Package: ifpdf 2019/10/25 v3.4 ifpdf legacy package. Use iftex instead.
)
(D:\Latex\MiKTeX\tex/latex/base\inputenc.sty
Package: inputenc 2021/02/14 v1.3d Input encoding file
\inpenc@prehook=\toks68
\inpenc@posthook=\toks69
)
(D:\Latex\MiKTeX\tex/latex/cjk\CJK.sty
Package: CJK 2021/10/16 4.8.5

(D:\Latex\MiKTeX\tex/latex/cjk/mule\MULEenc.sty
Package: MULEenc 2021/10/16 4.8.5
)
(D:\Latex\MiKTeX\tex/latex/cjk\CJK.enc
File: CJK.enc 2021/10/16 4.8.5
Now handling font encoding C00 ...
... no UTF-8 mapping file for font encoding C00
Now handling font encoding C05 ...
... no UTF-8 mapping file for font encoding C05
Now handling font encoding C09 ...
... no UTF-8 mapping file for font encoding C09
Now handling font encoding C10 ...
... no UTF-8 mapping file for font encoding C10
Now handling font encoding C20 ...
... no UTF-8 mapping file for font encoding C20
Now handling font encoding C19 ...
... no UTF-8 mapping file for font encoding C19
Now handling font encoding C40 ...
... no UTF-8 mapping file for font encoding C40
Now handling font encoding C42 ...
... no UTF-8 mapping file for font encoding C42
Now handling font encoding C43 ...
... no UTF-8 mapping file for font encoding C43
Now handling font encoding C50 ...
... no UTF-8 mapping file for font encoding C50
Now handling font encoding C52 ...
... no UTF-8 mapping file for font encoding C52
Now handling font encoding C49 ...
... no UTF-8 mapping file for font encoding C49
Now handling font encoding C60 ...
... no UTF-8 mapping file for font encoding C60
Now handling font encoding C61 ...
... no UTF-8 mapping file for font encoding C61
Now handling font encoding C63 ...
... no UTF-8 mapping file for font encoding C63
Now handling font encoding C64 ...
... no UTF-8 mapping file for font encoding C64
Now handling font encoding C65 ...
... no UTF-8 mapping file for font encoding C65
Now handling font encoding C70 ...
... no UTF-8 mapping file for font encoding C70
Now handling font encoding C31 ...
... no UTF-8 mapping file for font encoding C31
Now handling font encoding C32 ...
... no UTF-8 mapping file for font encoding C32
Now handling font encoding C33 ...
... no UTF-8 mapping file for font encoding C33
Now handling font encoding C34 ...
... no UTF-8 mapping file for font encoding C34
Now handling font encoding C35 ...
... no UTF-8 mapping file for font encoding C35
Now handling font encoding C36 ...
... no UTF-8 mapping file for font encoding C36
Now handling font encoding C37 ...
... no UTF-8 mapping file for font encoding C37
Now handling font encoding C80 ...
... no UTF-8 mapping file for font encoding C80
Now handling font encoding C81 ...
... no UTF-8 mapping file for font encoding C81
Now handling font encoding C01 ...
... no UTF-8 mapping file for font encoding C01
Now handling font encoding C11 ...
... no UTF-8 mapping file for font encoding C11
Now handling font encoding C21 ...
... no UTF-8 mapping file for font encoding C21
Now handling font encoding C41 ...
... no UTF-8 mapping file for font encoding C41
Now handling font encoding C62 ...
... no UTF-8 mapping file for font encoding C62
)
\CJK@indent=\box82
)
(D:\Latex\MiKTeX\tex/latex/base\fontenc.sty
Package: fontenc 2021/04/29 v2.0v Standard LaTeX package
))
(D:\Latex\MiKTeX\tex/latex/cjk\CJKnumb.sty
Package: CJKnumb 2021/10/16 4.8.5
\CJK@q=\count378
\CJK@r=\count379
)
Package translations Info: No language package found. I am going to use `englis
h' as default language. on input line 73.
 (interim_report.aux)
\openout1 = `interim_report.aux'.

LaTeX Font Info:    Checking defaults for OML/cmm/m/it on input line 73.
LaTeX Font Info:    ... okay on input line 73.
LaTeX Font Info:    Checking defaults for OMS/cmsy/m/n on input line 73.
LaTeX Font Info:    ... okay on input line 73.
LaTeX Font Info:    Checking defaults for OT1/cmr/m/n on input line 73.
LaTeX Font Info:    ... okay on input line 73.
LaTeX Font Info:    Checking defaults for T1/cmr/m/n on input line 73.
LaTeX Font Info:    ... okay on input line 73.
LaTeX Font Info:    Checking defaults for TS1/cmr/m/n on input line 73.
LaTeX Font Info:    ... okay on input line 73.
LaTeX Font Info:    Checking defaults for OMX/cmex/m/n on input line 73.
LaTeX Font Info:    ... okay on input line 73.
LaTeX Font Info:    Checking defaults for U/cmr/m/n on input line 73.
LaTeX Font Info:    ... okay on input line 73.
LaTeX Font Info:    Checking defaults for PD1/pdf/m/n on input line 73.
LaTeX Font Info:    ... okay on input line 73.
LaTeX Font Info:    Checking defaults for PU/pdf/m/n on input line 73.
LaTeX Font Info:    ... okay on input line 73.
LaTeX Font Info:    Checking defaults for C00/song/m/n on input line 73.
LaTeX Font Info:    ... okay on input line 73.
LaTeX Font Info:    Checking defaults for C05/song/m/n on input line 73.
LaTeX Font Info:    ... okay on input line 73.
LaTeX Font Info:    Checking defaults for C09/song/m/n on input line 73.
LaTeX Font Info:    ... okay on input line 73.
LaTeX Font Info:    Checking defaults for C10/song/m/n on input line 73.
LaTeX Font Info:    ... okay on input line 73.
LaTeX Font Info:    Checking defaults for C20/song/m/n on input line 73.
LaTeX Font Info:    ... okay on input line 73.
LaTeX Font Info:    Checking defaults for C19/song/m/n on input line 73.
LaTeX Font Info:    ... okay on input line 73.
LaTeX Font Info:    Checking defaults for C40/song/m/n on input line 73.
LaTeX Font Info:    ... okay on input line 73.
LaTeX Font Info:    Checking defaults for C42/song/m/n on input line 73.
LaTeX Font Info:    ... okay on input line 73.
LaTeX Font Info:    Checking defaults for C43/song/m/n on input line 73.
LaTeX Font Info:    ... okay on input line 73.
LaTeX Font Info:    Checking defaults for C50/song/m/n on input line 73.
LaTeX Font Info:    ... okay on input line 73.
LaTeX Font Info:    Checking defaults for C52/song/m/n on input line 73.
LaTeX Font Info:    ... okay on input line 73.
LaTeX Font Info:    Checking defaults for C49/song/m/n on input line 73.
LaTeX Font Info:    ... okay on input line 73.
LaTeX Font Info:    Checking defaults for C60/mj/m/n on input line 73.
LaTeX Font Info:    ... okay on input line 73.
LaTeX Font Info:    Checking defaults for C61/mj/m/n on input line 73.
LaTeX Font Info:    ... okay on input line 73.
LaTeX Font Info:    Checking defaults for C63/mj/m/n on input line 73.
LaTeX Font Info:    ... okay on input line 73.
LaTeX Font Info:    Checking defaults for C64/mj/m/n on input line 73.
LaTeX Font Info:    ... okay on input line 73.
LaTeX Font Info:    Checking defaults for C65/mj/m/n on input line 73.
LaTeX Font Info:    ... okay on input line 73.
LaTeX Font Info:    Checking defaults for C70/song/m/n on input line 73.
LaTeX Font Info:    ... okay on input line 73.
LaTeX Font Info:    Checking defaults for C31/song/m/n on input line 73.
LaTeX Font Info:    ... okay on input line 73.
LaTeX Font Info:    Checking defaults for C32/song/m/n on input line 73.
LaTeX Font Info:    ... okay on input line 73.
LaTeX Font Info:    Checking defaults for C33/song/m/n on input line 73.
LaTeX Font Info:    ... okay on input line 73.
LaTeX Font Info:    Checking defaults for C34/song/m/n on input line 73.
LaTeX Font Info:    ... okay on input line 73.
LaTeX Font Info:    Checking defaults for C35/song/m/n on input line 73.
LaTeX Font Info:    ... okay on input line 73.
LaTeX Font Info:    Checking defaults for C36/song/m/n on input line 73.
LaTeX Font Info:    ... okay on input line 73.
LaTeX Font Info:    Checking defaults for C37/song/m/n on input line 73.
LaTeX Font Info:    ... okay on input line 73.
LaTeX Font Info:    Checking defaults for C80/song/m/n on input line 73.
LaTeX Font Info:    ... okay on input line 73.
LaTeX Font Info:    Checking defaults for C81/song/m/n on input line 73.
LaTeX Font Info:    ... okay on input line 73.
LaTeX Font Info:    Checking defaults for C01/song/m/n on input line 73.
LaTeX Font Info:    ... okay on input line 73.
LaTeX Font Info:    Checking defaults for C11/song/m/n on input line 73.
LaTeX Font Info:    ... okay on input line 73.
LaTeX Font Info:    Checking defaults for C21/song/m/n on input line 73.
LaTeX Font Info:    ... okay on input line 73.
LaTeX Font Info:    Checking defaults for C41/song/m/n on input line 73.
LaTeX Font Info:    ... okay on input line 73.
LaTeX Font Info:    Checking defaults for C62/song/m/n on input line 73.
LaTeX Font Info:    ... okay on input line 73.

(D:\Latex\MiKTeX\tex/context/base/mkii\supp-pdf.mkii
[Loading MPS to PDF converter (version 2006.09.02).]
\scratchcounter=\count380
\scratchdimen=\dimen330
\scratchbox=\box83
\nofMPsegments=\count381
\nofMParguments=\count382
\everyMPshowfont=\toks70
\MPscratchCnt=\count383
\MPscratchDim=\dimen331
\MPnumerator=\count384
\makeMPintoPDFobject=\count385
\everyMPtoPDFconversion=\toks71
) (D:\Latex\MiKTeX\tex/latex/epstopdf-pkg\epstopdf-base.sty
Package: epstopdf-base 2020-01-24 v2.11 Base part for package epstopdf
Package epstopdf-base Info: Redefining graphics rule for `.eps' on input line 4
85.

(D:\Latex\MiKTeX\tex/latex/00miktex\epstopdf-sys.cfg
File: epstopdf-sys.cfg 2021/03/18 v2.0 Configuration of epstopdf for MiKTeX
))
\c@lstlisting=\count386

(D:\Latex\MiKTeX\tex/latex/translations/dicts\translations-basic-dictionary-eng
lish.trsl
File: translations-basic-dictionary-english.trsl (english translation file `tra
nslations-basic-dictionary')
)
Package translations Info: loading dictionary `translations-basic-dictionary' f
or `english'. on input line 73.
Package hyperref Info: Link coloring OFF on input line 73.
 (D:\Latex\MiKTeX\tex/latex/hyperref\nameref.sty
Package: nameref 2021-04-02 v2.47 Cross-referencing by name of section

(D:\Latex\MiKTeX\tex/latex/refcount\refcount.sty
Package: refcount 2019/12/15 v3.6 Data extraction from label references (HO)
)
(D:\Latex\MiKTeX\tex/generic/gettitlestring\gettitlestring.sty
Package: gettitlestring 2019/12/15 v1.6 Cleanup title references (HO)
)
\c@section@level=\count387
)
LaTeX Info: Redefining \ref on input line 73.
LaTeX Info: Redefining \pageref on input line 73.
LaTeX Info: Redefining \nameref on input line 73.

(interim_report.out) (interim_report.out)
\@outlinefile=\write4
\openout4 = `interim_report.out'.

Package caption Info: Begin \AtBeginDocument code.
Package caption Info: threeparttable package is loaded.
Package caption Info: End \AtBeginDocument code.

(D:\Latex\MiKTeX\tex/latex/cjk/UTF8\UTF8.bdg
File: UTF8.bdg 2021/10/16 4.8.5
)
(D:\Latex\MiKTeX\tex/latex/cjk/UTF8\UTF8.enc
File: UTF8.enc 2021/10/16 4.8.5
)
(D:\Latex\MiKTeX\tex/latex/cjk/UTF8\UTF8.chr
File: UTF8.chr 2021/10/16 4.8.5
)
\c@currschemectr=\count388
\c@endschemectr=\count389
\c@scheme=\count390
\c@currtheoremctr=\count391
\c@endtheoremctr=\count392
\c@theorem=\count393
\c@currlemmactr=\count394
\c@endlemmactr=\count395
\c@lemma=\count396
\c@currcorollaryctr=\count397
\c@endcorollaryctr=\count398
\c@currdefinitionctr=\count399
\c@enddefinitionctr=\count400
\c@definition=\count401
\c@curralgorithmctr=\count402
\c@endalgorithmctr=\count403
\c@algorithm=\count404
\c@currassumptionctr=\count405
\c@endassumptionctr=\count406
\c@assumption=\count407
\c@currremarkctr=\count408
\c@endremarkctr=\count409
\c@remark=\count410
\c@currexamplectr=\count411
\c@endexamplectr=\count412
\c@example=\count413
 (content/cover.tex
<xjtu/xjtu1.png, id=71, 277.78781pt x 272.51813pt>
File: xjtu/xjtu1.png Graphic file (type png)
<use xjtu/xjtu1.png>
Package pdftex.def Info: xjtu/xjtu1.png  used on input line 3.
(pdftex.def)             Requested size: 91.67024pt x 89.93126pt.
LaTeX Font Info:    Trying to load font information for U+msa on input line 4.

(D:\Latex\MiKTeX\tex/latex/amsfonts\umsa.fd
File: umsa.fd 2013/01/14 v3.01 AMS symbols A
)
LaTeX Font Info:    Trying to load font information for U+msb on input line 4.

(D:\Latex\MiKTeX\tex/latex/amsfonts\umsb.fd
File: umsb.fd 2013/01/14 v3.01 AMS symbols B
)
LaTeX Font Info:    Trying to load font information for U+rsfs on input line 4.


(D:\Latex\MiKTeX\tex/latex/jknappen\ursfs.fd
File: ursfs.fd 1998/03/24 rsfs font definition file (jk)
)
LaTeX Font Info:    Trying to load font information for U+stmry on input line 4
.

(D:\Latex\MiKTeX\tex/latex/stmaryrd\ustmry.fd)
LaTeX Font Info:    Trying to load font information for C70+kai on input line 6
.

(D:\Latex\MiKTeX\tex/latex/zhmetrics\c70kai.fd
File: c70kai.fd 2009/09/23 4.8.2
)
<xjtu/xjtu2.png, id=78, 674.52pt x 194.97844pt>
File: xjtu/xjtu2.png Graphic file (type png)
<use xjtu/xjtu2.png>
Package pdftex.def Info: xjtu/xjtu2.png  used on input line 12.
(pdftex.def)             Requested size: 209.09903pt x 60.44269pt.


LaTeX Font Warning: Font shape `OT1/cmr/m/n' in size <36> not available
(Font)              size <24.88> substituted on input line 15.


LaTeX Font Warning: Font shape `OT1/cmr/bx/n' in size <36> not available
(Font)              size <24.88> substituted on input line 15.

LaTeX Font Info:    Trying to load font information for C70+song on input line 
16.
(D:\Latex\MiKTeX\tex/latex/cjk/UTF8\c70song.fd
File: c70song.fd 2021/10/16 4.8.5
)

LaTeX Font Warning: Font shape `OT1/cmr/m/n' in size <15.75> not available
(Font)              size <14.4> substituted on input line 20.

LaTeX Font Info:    Calculating math sizes for size <15.75> on input line 22.

LaTeX Font Warning: Font shape `OML/cmm/m/it' in size <15.75> not available
(Font)              size <14.4> substituted on input line 22.


LaTeX Font Warning: Font shape `OMS/cmsy/m/n' in size <15.75> not available
(Font)              size <14.4> substituted on input line 22.


LaTeX Font Warning: Font shape `OT1/cmr/bx/n' in size <15.75> not available
(Font)              size <14.4> substituted on input line 22.


LaTeX Font Warning: Font shape `OML/cmm/b/it' in size <15.75> not available
(Font)              size <14.4> substituted on input line 22.


LaTeX Font Warning: Font shape `OMS/cmsy/b/n' in size <15.75> not available
(Font)              size <14.4> substituted on input line 22.


LaTeX Font Warning: Font shape `U/rsfs/m/n' in size <15.75> not available
(Font)              size <14.4> substituted on input line 22.


LaTeX Font Warning: Font shape `U/stmry/m/n' in size <15.75> not available
(Font)              size <14.4> substituted on input line 22.


LaTeX Font Warning: Font shape `OT1/cmr/bx/n' in size <15.1> not available
(Font)              size <14.4> substituted on input line 23.


Underfull \hbox (badness 10000) detected at line 23
\C70/kai/bx/n/15.1/5b f[][] \C70/kai/bx/n/15.1/53 ˜[][]\OT1/cmr/bx/n/14.4 :
 []


LaTeX Font Warning: Font shape `OT1/cmr/m/n' in size <15.1> not available
(Font)              size <14.4> substituted on input line 23.


Underfull \hbox (badness 1102) detected at line 24
\C70/kai/bx/n/15.1/78 ^^T[][] \C70/kai/bx/n/15.1/7a v[][] \C70/kai/bx/n/15.1/75
 ^^_[][]\OT1/cmr/bx/n/14.4 :
 []


Underfull \hbox (badness 10000) detected at line 25
\C70/kai/bx/n/15.1/5b ¸[][] \C70/kai/bx/n/15.1/5e ^^H[][]\OT1/cmr/bx/n/14.4 :
 []


Overfull \hbox (3.53476pt too wide) detected at line 26
\C70/kai/bx/n/15.1/8b ∫[][] \C70/kai/bx/n/15.1/65 á[][] \C70/kai/bx/n/15.1/98 ò
[][] \C70/kai/bx/n/15.1/76 Ó[][]\OT1/cmr/bx/n/14.4 :
 []


Underfull \hbox (badness 10000) detected at line 29
\C70/kai/bx/n/15.1/5b f[][] \C70/kai/bx/n/15.1/79 —[][]\OT1/cmr/bx/n/14.4 :
 []


Overfull \hbox (3.53476pt too wide) detected at line 30
\C70/kai/bx/n/15.1/58 k[][] \C70/kai/bx/n/15.1/51 ô[][] \C70/kai/bx/n/15.1/65 ˆ
[][] \C70/kai/bx/n/15.1/95 Ù[][]\OT1/cmr/bx/n/14.4 :
 []

[1
Non-PDF special ignored!
<special> header=pstricks.pro
Non-PDF special ignored!
<special> header=pst-algparser.pro
Non-PDF special ignored!
<special> header=pst-tools.pro
Non-PDF special ignored!
<special> header=pst-dots.pro
Non-PDF special ignored!
<special> header=pst-node.pro
Non-PDF special ignored!
<special> header=pst-3d.pro
Non-PDF special ignored!
<special> header=pst-math.pro
Non-PDF special ignored!
<special> header=pstricks-add.pro

Non-PDF special ignored!
<special> ps: /pssetRGBcolor /setrgbcolor load def /pssetCMYKcolor /setcmyk...
Non-PDF special ignored!
<special> ps:tx@Dict begin  gsave STV CP T /ps@rot 0 def grestore  end
Non-PDF special ignored!
<special> ps:tx@Dict begin  gsave STV CP T /ps@refangle 0.  def grestore  e...
Non-PDF special ignored!
<special> ps:0.8 setlinewidth 0 setgray
Non-PDF special ignored!
<special> ps:tx@Dict begin  gsave STV CP T /ps@rot 0 def grestore  end
{C:/Users/yc_wang/AppData/Local/MiKTeX/fonts/map/pdftex/pdftex.map} <./xjtu/xjt
u1.png> <./xjtu/xjtu2.png>]
LaTeX Font Info:    Trying to load font information for C70+hei on input line 4
2.
 (D:\Latex\MiKTeX\tex/latex/zhmetrics\c70hei.fd
File: c70hei.fd 2009/09/23 4.8.2
)
LaTeX Font Info:    Calculating math sizes for size <15.1> on input line 51.


LaTeX Font Warning: Font shape `OT1/cmr/m/n' in size <7.55> not available
(Font)              size <8> substituted on input line 51.


LaTeX Font Warning: Font shape `OML/cmm/m/it' in size <15.1> not available
(Font)              size <14.4> substituted on input line 51.


LaTeX Font Warning: Font shape `OML/cmm/m/it' in size <7.55> not available
(Font)              size <8> substituted on input line 51.


LaTeX Font Warning: Font shape `OMS/cmsy/m/n' in size <15.1> not available
(Font)              size <14.4> substituted on input line 51.


LaTeX Font Warning: Font shape `OMS/cmsy/m/n' in size <7.55> not available
(Font)              size <8> substituted on input line 51.


LaTeX Font Warning: Font shape `OT1/cmr/bx/n' in size <7.55> not available
(Font)              size <8> substituted on input line 51.


LaTeX Font Warning: Font shape `OML/cmm/b/it' in size <15.1> not available
(Font)              size <14.4> substituted on input line 51.


LaTeX Font Warning: Font shape `OML/cmm/b/it' in size <7.55> not available
(Font)              size <8> substituted on input line 51.


LaTeX Font Warning: Font shape `OMS/cmsy/b/n' in size <15.1> not available
(Font)              size <14.4> substituted on input line 51.


LaTeX Font Warning: Font shape `OMS/cmsy/b/n' in size <7.55> not available
(Font)              size <8> substituted on input line 51.


LaTeX Font Warning: Font shape `U/rsfs/m/n' in size <15.1> not available
(Font)              size <14.4> substituted on input line 51.


LaTeX Font Warning: Font shape `U/rsfs/m/n' in size <7.55> not available
(Font)              size <8> substituted on input line 51.


LaTeX Font Warning: Font shape `U/stmry/m/n' in size <15.1> not available
(Font)              size <14.4> substituted on input line 51.


LaTeX Font Warning: Font shape `U/stmry/m/n' in size <7.55> not available
(Font)              size <8> substituted on input line 51.

) (content/main.tex [2]
Overfull \hbox (9.36168pt too wide) in paragraph at lines 14--20
[]  [] 
 []

(part1.tex)
pdfTeX warning (ext4): destination with the same identifier (name{page.1}) has 
been already used, duplicate ignored
<to be read again> 
                   \relax 
l.25 \newpage
              [1] (part2.tex (part2-1.tex

Package natbib Warning: Citation `ResNet' on page 2 undefined on input line 4.

<pictures/1.jpg, id=245, 172.2435pt x 97.5645pt>
File: pictures/1.jpg Graphic file (type jpg)
<use pictures/1.jpg>
Package pdftex.def Info: pictures/1.jpg  used on input line 14.
(pdftex.def)             Requested size: 137.79498pt x 78.05168pt.

pdfTeX warning (ext4): destination with the same identifier (name{page.2}) has 
been already used, duplicate ignored
<to be read again> 
                   \relax 
l.24 \subsection{ÊèêÂá∫ÁÆóÊ≥ïÊ®°Âûã}
                                     [2 <./pictures/1.jpg>]) (part2-2.tex

Package natbib Warning: Citation `FasterRCNN' on page 3 undefined on input line
 4.


Package natbib Warning: Citation `MAE' on page 3 undefined on input line 4.

) (interim_report.bbl [3])) [4] (part3.tex) [5] (part4.tex
Underfull \hbox (badness 10000) in paragraph at lines 34--3

 []

))

Package natbib Warning: There were undefined citations.

\tf@thm=\write5
\openout5 = `interim_report.thm'.

[6] (interim_report.aux)

LaTeX Font Warning: Size substitutions with differences
(Font)              up to 11.12pt have occurred.

Package rerunfilecheck Info: File `interim_report.out' has not changed.
(rerunfilecheck)             Checksum: D73FDC7FA371751161DC8D37C4512CDA;1779.
 ) 
Here is how much of TeX's memory you used:
 31208 strings out of 478582
 563031 string characters out of 2857940
 871769 words of memory out of 3000000
 48561 multiletter control sequences out of 15000+600000
 527921 words of font info for 250 fonts, out of 8000000 for 9000
 1141 hyphenation exceptions out of 8191
 116i,12n,119p,672b,2071s stack positions out of 10000i,1000n,20000p,200000b,80000s
 <C:\Users\yc_wang\AppData\Local\MiKTeX\fonts/pk/modeless/zhmetrics/cyberb/dp
i720\cyberb54.pk> <C:\Users\yc_wang\AppData\Local\MiKTeX\fonts/pk/modeless/zhme
trics/cyberb/dpi657\cyberb5e.pk> <C:\Users\yc_wang\AppData\Local\MiKTeX\fonts/p
k/modeless/zhmetrics/cyberb/dpi720\cyberb5e.pk> <C:\Users\yc_wang\AppData\Local
\MiKTeX\fonts/pk/modeless/zhmetrics/cyberb/dpi720\cyberb56.pk> <C:\Users\yc_wan
g\AppData\Local\MiKTeX\fonts/pk/modeless/zhmetrics/cyberb/dpi720\cyberb6b.pk> <
C:\Users\yc_wang\AppData\Local\MiKTeX\fonts/pk/modeless/zhmetrics/cyberb/dpi720
\cyberb73.pk> <C:\Users\yc_wang\AppData\Local\MiKTeX\fonts/pk/modeless/zhmetric
s/cyberb/dpi720\cyberb65.pk> <C:\Users\yc_wang\AppData\Local\MiKTeX\fonts/pk/mo
deless/zhmetrics/cyberb/dpi657\cyberb30.pk> <C:\Users\yc_wang\AppData\Local\MiK
TeX\fonts/pk/modeless/zhmetrics/cyberb/dpi657\cyberb67.pk> <C:\Users\yc_wang\Ap
pData\Local\MiKTeX\fonts/pk/modeless/zhmetrics/cyberb/dpi657\cyberb7e.pk> <C:\U
sers\yc_wang\AppData\Local\MiKTeX\fonts/pk/modeless/zhmetrics/cyberb/dpi657\cyb
erb9a.pk> <C:\Users\yc_wang\AppData\Local\MiKTeX\fonts/pk/modeless/zhmetrics/cy
berb/dpi720\cyberb9a.pk> <C:\Users\yc_wang\AppData\Local\MiKTeX\fonts/pk/modele
ss/zhmetrics/cyberb/dpi657\cyberb6c.pk> <C:\Users\yc_wang\AppData\Local\MiKTeX\
fonts/pk/modeless/zhmetrics/cyberb/dpi657\cyberb63.pk> <C:\Users\yc_wang\AppDat
a\Local\MiKTeX\fonts/pk/modeless/zhmetrics/cyberb/dpi720\cyberb6a.pk> <C:\Users
\yc_wang\AppData\Local\MiKTeX\fonts/pk/modeless/zhmetrics/cyberb/dpi720\cyberb6
c.pk> <C:\Users\yc_wang\AppData\Local\MiKTeX\fonts/pk/modeless/zhmetrics/cyberb
/dpi720\cyberb63.pk> <C:\Users\yc_wang\AppData\Local\MiKTeX\fonts/pk/modeless/z
hmetrics/cyberb/dpi657\cyberb56.pk> <C:\Users\yc_wang\AppData\Local\MiKTeX\font
s/pk/modeless/zhmetrics/cyberb/dpi657\cyberb4f.pk> <C:\Users\yc_wang\AppData\Lo
cal\MiKTeX\fonts/pk/modeless/zhmetrics/cyberb/dpi657\cyberb5d.pk> <C:\Users\yc_
wang\AppData\Local\MiKTeX\fonts/pk/modeless/zhmetrics/cyberb/dpi657\cyberb75.pk
> <C:\Users\yc_wang\AppData\Local\MiKTeX\fonts/pk/modeless/zhmetrics/cyberb/dpi
657\cyberb5f.pk> <C:\Users\yc_wang\AppData\Local\MiKTeX\fonts/pk/modeless/zhmet
rics/cyberb/dpi657\cyberbff.pk> <C:\Users\yc_wang\AppData\Local\MiKTeX\fonts/pk
/modeless/zhmetrics/cyberb/dpi657\cyberb66.pk> <C:\Users\yc_wang\AppData\Local\
MiKTeX\fonts/pk/modeless/zhmetrics/cyberb/dpi657\cyberb80.pk> <C:\Users\yc_wang
\AppData\Local\MiKTeX\fonts/pk/modeless/zhmetrics/cyberb/dpi720\cyberb66.pk> <C
:\Users\yc_wang\AppData\Local\MiKTeX\fonts/pk/modeless/zhmetrics/cyberb/dpi720\
cyberb80.pk> <C:\Users\yc_wang\AppData\Local\MiKTeX\fonts/pk/modeless/zhmetrics
/cyberb/dpi657\cyberb52.pk> <C:\Users\yc_wang\AppData\Local\MiKTeX\fonts/pk/mod
eless/zhmetrics/cyberb/dpi657\cyberb4e.pk> <C:\Users\yc_wang\AppData\Local\MiKT
eX\fonts/pk/modeless/zhmetrics/cyberb/dpi657\cyberb7b.pk> <C:\Users\yc_wang\App
Data\Local\MiKTeX\fonts/pk/modeless/zhmetrics/cyberb/dpi657\cyberb5b.pk> <C:\Us
ers\yc_wang\AppData\Local\MiKTeX\fonts/pk/modeless/zhmetrics/cyberb/dpi657\cybe
rb51.pk> <C:\Users\yc_wang\AppData\Local\MiKTeX\fonts/pk/ljfour/jknappen/ec/dpi
600\tcrm1095.pk> <C:\Users\yc_wang\AppData\Local\MiKTeX\fonts/pk/modeless/zhmet
rics/cyberb/dpi720\cyberb57.pk> <C:\Users\yc_wang\AppData\Local\MiKTeX\fonts/pk
/modeless/zhmetrics/cyberb/dpi720\cyberb88.pk> <C:\Users\yc_wang\AppData\Local\
MiKTeX\fonts/pk/modeless/zhmetrics/cyberb/dpi720\cyberb8b.pk> <C:\Users\yc_wang
\AppData\Local\MiKTeX\fonts/pk/modeless/zhmetrics/cyberb/dpi720\cyberb52.pk> <C
:\Users\yc_wang\AppData\Local\MiKTeX\fonts/pk/modeless/zhmetrics/cyberb/dpi720\
cyberb90.pk> <C:\Users\yc_wang\AppData\Local\MiKTeX\fonts/pk/modeless/zhmetrics
/cyberb/dpi720\cyberb67.pk> <C:\Users\yc_wang\AppData\Local\MiKTeX\fonts/pk/mod
eless/zhmetrics/cyberb/dpi720\cyberb5f.pk> <C:\Users\yc_wang\AppData\Local\MiKT
eX\fonts/pk/modeless/zhmetrics/cyberb/dpi720\cyberb89.pk> <C:\Users\yc_wang\App
Data\Local\MiKTeX\fonts/pk/modeless/zhmetrics/cyberb/dpi720\cyberb7e.pk> <C:\Us
ers\yc_wang\AppData\Local\MiKTeX\fonts/pk/modeless/zhmetrics/cyberb/dpi720\cybe
rb62.pk> <C:\Users\yc_wang\AppData\Local\MiKTeX\fonts/pk/modeless/zhmetrics/cyb
erb/dpi720\cyberb53.pk> <C:\Users\yc_wang\AppData\Local\MiKTeX\fonts/pk/modeles
s/zhmetrics/cyberb/dpi720\cyberb5c.pk> <C:\Users\yc_wang\AppData\Local\MiKTeX\f
onts/pk/modeless/zhmetrics/cyberb/dpi720\cyberb8f.pk> <C:\Users\yc_wang\AppData
\Local\MiKTeX\fonts/pk/modeless/zhmetrics/cyberb/dpi720\cyberb4f.pk> <C:\Users\
yc_wang\AppData\Local\MiKTeX\fonts/pk/modeless/zhmetrics/cyberb/dpi720\cyberb5d
.pk> <C:\Users\yc_wang\AppData\Local\MiKTeX\fonts/pk/modeless/zhmetrics/cyberb/
dpi657\cyberb89.pk> <C:\Users\yc_wang\AppData\Local\MiKTeX\fonts/pk/modeless/zh
metrics/cyberb/dpi657\cyberb64.pk> <C:\Users\yc_wang\AppData\Local\MiKTeX\fonts
/pk/modeless/zhmetrics/cyberb/dpi657\cyberb7a.pk> <C:\Users\yc_wang\AppData\Loc
al\MiKTeX\fonts/pk/modeless/zhmetrics/cyberb/dpi657\cyberb78.pk> <C:\Users\yc_w
ang\AppData\Local\MiKTeX\fonts/pk/modeless/zhmetrics/cyberb/dpi720\cyberbff.pk>
 <C:\Users\yc_wang\AppData\Local\MiKTeX\fonts/pk/modeless/zhmetrics/cyberb/dpi7
20\cyberb7b.pk> <C:\Users\yc_wang\AppData\Local\MiKTeX\fonts/pk/modeless/zhmetr
ics/cyberb/dpi720\cyberb5b.pk> <C:\Users\yc_wang\AppData\Local\MiKTeX\fonts/pk/
modeless/zhmetrics/cyberb/dpi720\cyberb51.pk> <C:\Users\yc_wang\AppData\Local\M
iKTeX\fonts/pk/modeless/zhmetrics/cyberb/dpi720\cyberb30.pk> <C:\Users\yc_wang\
AppData\Local\MiKTeX\fonts/pk/modeless/zhmetrics/cyberb/dpi720\cyberb4e.pk> <C:
\Users\yc_wang\AppData\Local\MiKTeX\fonts/pk/modeless/zhmetrics/cyberb/dpi657\c
yberb76.pk> <C:\Users\yc_wang\AppData\Local\MiKTeX\fonts/pk/modeless/zhmetrics/
cyberb/dpi657\cyberb98.pk> <C:\Users\yc_wang\AppData\Local\MiKTeX\fonts/pk/mode
less/zhmetrics/cyberb/dpi657\cyberb90.pk> <C:\Users\yc_wang\AppData\Local\MiKTe
X\fonts/pk/modeless/zhmetrics/cyberb/dpi657\cyberb65.pk> <C:\Users\yc_wang\AppD
ata\Local\MiKTeX\fonts/pk/modeless/zhmetrics/cyberb/dpi657\cyberb8b.pk> <C:\Use
rs\yc_wang\AppData\Local\MiKTeX\fonts/pk/modeless/zhmetrics/cyberb/dpi657\cyber
b58.pk> <C:\Users\yc_wang\AppData\Local\MiKTeX\fonts/pk/modeless/zhmetrics/cybe
rb/dpi657\cyberb53.pk> <C:\Users\yc_wang\AppData\Local\MiKTeX\fonts/pk/modeless
/zhmetrics/cyberb/dpi720\cyberb76.pk> <C:\Users\yc_wang\AppData\Local\MiKTeX\fo
nts/pk/modeless/zhmetrics/cyberb/dpi720\cyberb98.pk> <C:\Users\yc_wang\AppData\
Local\MiKTeX\fonts/pk/modeless/zhmetrics/cyberb/dpi720\cyberb7a.pk> <C:\Users\y
c_wang\AppData\Local\MiKTeX\fonts/pk/modeless/zhmetrics/cyberb/dpi720\cyberb78.
pk> <C:\Users\yc_wang\AppData\Local\MiKTeX\fonts/pk/modeless/zhmetrics/cyberb/d
pi840\cyberb76.pk> <C:\Users\yc_wang\AppData\Local\MiKTeX\fonts/pk/modeless/zhm
etrics/cyberb/dpi840\cyberb82.pk> <C:\Users\yc_wang\AppData\Local\MiKTeX\fonts/
pk/modeless/zhmetrics/cyberb/dpi840\cyberb73.pk> <C:\Users\yc_wang\AppData\Loca
l\MiKTeX\fonts/pk/modeless/zhmetrics/cyberb/dpi840\cyberb5e.pk> <C:\Users\yc_wa
ng\AppData\Local\MiKTeX\fonts/pk/modeless/zhmetrics/cyberb/dpi840\cyberb5b.pk> 
<C:\Users\yc_wang\AppData\Local\MiKTeX\fonts/pk/modeless/zhmetrics/cyberb/dpi84
0\cyberb90.pk> <C:\Users\yc_wang\AppData\Local\MiKTeX\fonts/pk/modeless/zhmetri
cs/cyberb/dpi840\cyberb6b.pk> <C:\Users\yc_wang\AppData\Local\MiKTeX\fonts/pk/m
odeless/zhmetrics/cyberb/dpi840\cyberb96.pk> <C:\Users\yc_wang\AppData\Local\Mi
KTeX\fonts/pk/modeless/zhmetrics/cyberb/dpi840\cyberb57.pk> <C:\Users\yc_wang\A
ppData\Local\MiKTeX\fonts/pk/modeless/zhmetrics/cyberb/dpi840\cyberb52.pk> <C:\
Users\yc_wang\AppData\Local\MiKTeX\fonts/pk/modeless/zhmetrics/cyberb/dpi840\cy
berb81.pk> <C:\Users\yc_wang\AppData\Local\MiKTeX\fonts/pk/modeless/zhmetrics/c
yberb/dpi840\cyberb65.pk> <C:\Users\yc_wang\AppData\Local\MiKTeX\fonts/pk/model
ess/zhmetrics/cyberb/dpi840\cyberb59.pk> <C:\Users\yc_wang\AppData\Local\MiKTeX
\fonts/pk/modeless/zhmetrics/cyberb/dpi840\cyberb68.pk> <C:\Users\yc_wang\AppDa
ta\Local\MiKTeX\fonts/pk/modeless/zhmetrics/cyberb/dpi840\cyberb51.pk> <C:\User
s\yc_wang\AppData\Local\MiKTeX\fonts/pk/modeless/zhmetrics/cyberb/dpi840\cyberb
8b.pk> <C:\Users\yc_wang\AppData\Local\MiKTeX\fonts/pk/modeless/zhmetrics/cyber
b/dpi840\cyberb88.pk> <C:\Users\yc_wang\AppData\Local\MiKTeX\fonts/pk/modeless/
zhmetrics/cyberb/dpi840\cyberb4f.pk> <C:\Users\yc_wang\AppData\Local\MiKTeX\fon
ts/pk/modeless/zhmetrics/cyberb/dpi840\cyberb5d.pk> <C:\Users\yc_wang\AppData\L
ocal\MiKTeX\fonts/pk/modeless/zhmetrics/cyberb/dpi840\cyberbff.pk> <C:\Users\yc
_wang\AppData\Local\MiKTeX\fonts/pk/modeless/zhmetrics/cyberb/dpi840\cyberb97.p
k> <C:\Users\yc_wang\AppData\Local\MiKTeX\fonts/pk/modeless/zhmetrics/cyberb/dp
i840\cyberb7e.pk> <C:\Users\yc_wang\AppData\Local\MiKTeX\fonts/pk/modeless/zhme
trics/cyberb/dpi840\cyberb91.pk> <C:\Users\yc_wang\AppData\Local\MiKTeX\fonts/p
k/modeless/zhmetrics/cyberb/dpi840\cyberb98.pk> <C:\Users\yc_wang\AppData\Local
\MiKTeX\fonts/pk/modeless/zhmetrics/cyberb/dpi840\cyberb5f.pk> <C:\Users\yc_wan
g\AppData\Local\MiKTeX\fonts/pk/modeless/zhmetrics/cyberb/dpi840\cyberb54.pk> <
C:\Users\yc_wang\AppData\Local\MiKTeX\fonts/pk/modeless/zhmetrics/cyberb/dpi840
\cyberb62.pk> <C:\Users\yc_wang\AppData\Local\MiKTeX\fonts/pk/modeless/zhmetric
s/cyberb/dpi840\cyberb5c.pk> <C:\Users\yc_wang\AppData\Local\MiKTeX\fonts/pk/mo
deless/zhmetrics/cyberb/dpi840\cyberb8f.pk> <C:\Users\yc_wang\AppData\Local\MiK
TeX\fonts/pk/modeless/zhmetrics/cyberb/dpi840\cyberb67.pk> <C:\Users\yc_wang\Ap
pData\Local\MiKTeX\fonts/pk/modeless/zhmetrics/cyberb/dpi840\cyberb75.pk> <C:\U
sers\yc_wang\AppData\Local\MiKTeX\fonts/pk/modeless/zhmetrics/cyberb/dpi840\cyb
erb7a.pk> <C:\Users\yc_wang\AppData\Local\MiKTeX\fonts/pk/modeless/zhmetrics/cy
berb/dpi840\cyberb78.pk> <C:\Users\yc_wang\AppData\Local\MiKTeX\fonts/pk/modele
ss/zhmetrics/cyberb/dpi840\cyberb58.pk> <C:\Users\yc_wang\AppData\Local\MiKTeX\
fonts/pk/modeless/zhmetrics/cyberb/dpi840\cyberb53.pk> <C:\Users\yc_wang\AppDat
a\Local\MiKTeX\fonts/pk/modeless/zhmetrics/cyberb/dpi840\cyberb30.pk> <C:\Users
\yc_wang\AppData\Local\MiKTeX\fonts/pk/modeless/zhmetrics/cyberb/dpi840\cyberb4
e.pk> <C:\Users\yc_wang\AppData\Local\MiKTeX\fonts/pk/modeless/zhmetrics/unihei
/dpi906\unihei66.pk> <C:\Users\yc_wang\AppData\Local\MiKTeX\fonts/pk/modeless/z
hmetrics/unihei/dpi906\unihei8b.pk> <C:\Users\yc_wang\AppData\Local\MiKTeX\font
s/pk/modeless/zhmetrics/unihei/dpi906\unihei51.pk> <C:\Users\yc_wang\AppData\Lo
cal\MiKTeX\fonts/pk/modeless/zhmetrics/unihei/dpi906\unihei58.pk> <C:\Users\yc_
wang\AppData\Local\MiKTeX\fonts/pk/modeless/zhmetrics/unikai/dpi906\unikai52.pk
> <C:\Users\yc_wang\AppData\Local\MiKTeX\fonts/pk/modeless/zhmetrics/unikai/dpi
906\unikai96.pk> <C:\Users\yc_wang\AppData\Local\MiKTeX\fonts/pk/modeless/zhmet
rics/unikai/dpi906\unikai59.pk> <C:\Users\yc_wang\AppData\Local\MiKTeX\fonts/pk
/modeless/zhmetrics/unikai/dpi906\unikai89.pk> <C:\Users\yc_wang\AppData\Local\
MiKTeX\fonts/pk/modeless/zhmetrics/cyberb/dpi946\cyberb65.pk> <C:\Users\yc_wang
\AppData\Local\MiKTeX\fonts/pk/modeless/zhmetrics/cyberb/dpi946\cyberb67.pk> <C
:\Users\yc_wang\AppData\Local\MiKTeX\fonts/pk/modeless/zhmetrics/cyberb/dpi946\
cyberb5e.pk> <C:\Users\yc_wang\AppData\Local\MiKTeX\fonts/pk/modeless/zhmetrics
/unikai/dpi906\unikai95.pk> <C:\Users\yc_wang\AppData\Local\MiKTeX\fonts/pk/mod
eless/zhmetrics/unikai/dpi906\unikai51.pk> <C:\Users\yc_wang\AppData\Local\MiKT
eX\fonts/pk/modeless/zhmetrics/unikai/dpi906\unikai88.pk> <C:\Users\yc_wang\App
Data\Local\MiKTeX\fonts/pk/modeless/zhmetrics/unikai/dpi906\unikai7b.pk> <C:\Us
ers\yc_wang\AppData\Local\MiKTeX\fonts/pk/modeless/zhmetrics/unikai/dpi906\unik
ai79.pk> <C:\Users\yc_wang\AppData\Local\MiKTeX\fonts/pk/modeless/zhmetrics/uni
kai/dpi906\unikai54.pk> <C:\Users\yc_wang\AppData\Local\MiKTeX\fonts/pk/modeles
s/zhmetrics/unikai/dpi906\unikai90.pk> <C:\Users\yc_wang\AppData\Local\MiKTeX\f
onts/pk/modeless/zhmetrics/unikai/dpi906\unikai58.pk> <C:\Users\yc_wang\AppData
\Local\MiKTeX\fonts/pk/modeless/zhmetrics/unikai/dpi906\unikai76.pk> <C:\Users\
yc_wang\AppData\Local\MiKTeX\fonts/pk/modeless/zhmetrics/unikai/dpi906\unikai98
.pk> <C:\Users\yc_wang\AppData\Local\MiKTeX\fonts/pk/modeless/zhmetrics/unikai/
dpi906\unikai8b.pk> <C:\Users\yc_wang\AppData\Local\MiKTeX\fonts/pk/modeless/zh
metrics/unikai/dpi906\unikai63.pk> <C:\Users\yc_wang\AppData\Local\MiKTeX\fonts
/pk/modeless/zhmetrics/unikai/dpi906\unikai65.pk> <C:\Users\yc_wang\AppData\Loc
al\MiKTeX\fonts/pk/modeless/zhmetrics/unikai/dpi906\unikai56.pk> <C:\Users\yc_w
ang\AppData\Local\MiKTeX\fonts/pk/modeless/zhmetrics/unikai/dpi906\unikai67.pk>
 <C:\Users\yc_wang\AppData\Local\MiKTeX\fonts/pk/modeless/zhmetrics/unikai/dpi9
06\unikai5e.pk> <C:\Users\yc_wang\AppData\Local\MiKTeX\fonts/pk/modeless/zhmetr
ics/unikai/dpi906\unikai4e.pk> <C:\Users\yc_wang\AppData\Local\MiKTeX\fonts/pk/
modeless/zhmetrics/unikai/dpi906\unikai5f.pk> <C:\Users\yc_wang\AppData\Local\M
iKTeX\fonts/pk/modeless/zhmetrics/unikai/dpi906\unikai75.pk> <C:\Users\yc_wang\
AppData\Local\MiKTeX\fonts/pk/modeless/zhmetrics/unikai/dpi906\unikai7a.pk> <C:
\Users\yc_wang\AppData\Local\MiKTeX\fonts/pk/modeless/zhmetrics/unikai/dpi906\u
nikai78.pk> <C:\Users\yc_wang\AppData\Local\MiKTeX\fonts/pk/modeless/zhmetrics/
unikai/dpi906\unikai53.pk> <C:\Users\yc_wang\AppData\Local\MiKTeX\fonts/pk/mode
less/zhmetrics/unikai/dpi906\unikai5b.pk> <C:\Users\yc_wang\AppData\Local\MiKTe
X\fonts/pk/modeless/zhmetrics/cyberb/dpi2160\cyberb54.pk> <C:\Users\yc_wang\App
Data\Local\MiKTeX\fonts/pk/modeless/zhmetrics/cyberb/dpi2160\cyberb62.pk> <C:\U
sers\yc_wang\AppData\Local\MiKTeX\fonts/pk/modeless/zhmetrics/cyberb/dpi2160\cy
berb5c.pk> <C:\Users\yc_wang\AppData\Local\MiKTeX\fonts/pk/modeless/zhmetrics/c
yberb/dpi2160\cyberb8f.pk> <C:\Users\yc_wang\AppData\Local\MiKTeX\fonts/pk/mode
less/zhmetrics/cyberb/dpi2160\cyberb67.pk> <C:\Users\yc_wang\AppData\Local\MiKT
eX\fonts/pk/modeless/zhmetrics/cyberb/dpi2160\cyberb4e.pk> <C:\Users\yc_wang\Ap
pData\Local\MiKTeX\fonts/pk/modeless/zhmetrics/cyberb/dpi2160\cyberb75.pk> <C:\
Users\yc_wang\AppData\Local\MiKTeX\fonts/pk/modeless/zhmetrics/cyberb/dpi2160\c
yberb7a.pk> <C:\Users\yc_wang\AppData\Local\MiKTeX\fonts/pk/modeless/zhmetrics/
cyberb/dpi2160\cyberb78.pk> <C:\Users\yc_wang\AppData\Local\MiKTeX\fonts/pk/mod
eless/zhmetrics/cyberb/dpi2160\cyberb58.pk> <C:\Users\yc_wang\AppData\Local\MiK
TeX\fonts/pk/modeless/zhmetrics/cyberb/dpi2160\cyberb53.pk> <C:\Users\yc_wang\A
ppData\Local\MiKTeX\fonts/pk/modeless/zhmetrics/unikai/dpi720\unikai53.pk> <C:\
Users\yc_wang\AppData\Local\MiKTeX\fonts/pk/modeless/zhmetrics/unikai/dpi720\un
ikai7f.pk> <C:\Users\yc_wang\AppData\Local\MiKTeX\fonts/pk/modeless/zhmetrics/u
nikai/dpi720\unikai79.pk> <C:\Users\yc_wang\AppData\Local\MiKTeX\fonts/pk/model
ess/zhmetrics/unikai/dpi720\unikai54.pk> <C:\Users\yc_wang\AppData\Local\MiKTeX
\fonts/pk/modeless/zhmetrics/unikai/dpi720\unikai96.pk> <C:\Users\yc_wang\AppDa
ta\Local\MiKTeX\fonts/pk/modeless/zhmetrics/unikai/dpi720\unikai5b.pk><D:/Latex
/MiKTeX/fonts/type1/public/amsfonts/cm/cmbx10.pfb><D:/Latex/MiKTeX/fonts/type1/
public/amsfonts/cm/cmbx12.pfb><D:/Latex/MiKTeX/fonts/type1/public/amsfonts/cm/c
mr10.pfb><D:/Latex/MiKTeX/fonts/type1/public/amsfonts/cm/cmr12.pfb><D:/Latex/Mi
KTeX/fonts/type1/public/amsfonts/cm/cmti10.pfb>
Output written on interim_report.pdf (8 pages, 401854 bytes).
PDF statistics:
 1106 PDF objects out of 1200 (max. 8388607)
 31 named destinations out of 1000 (max. 500000)
 352 words of extra memory for PDF output out of 10000 (max. 10000000)

